Vivado Simulator 2018.3
Copyright 1986-1999, 2001-2018 Xilinx, Inc. All Rights Reserved.
Running: C:/Xilinx/Vivado/2018.3/bin/unwrapped/win64.o/xelab.exe -wto 542f1f3331dc4b0fb1a36fc25b4870df --incr --debug typical --relax --mt 2 -L fifo_generator_v13_2_3 -L xil_defaultlib -L blk_mem_gen_v8_4_2 -L unisims_ver -L unimacro_ver -L secureip -L xpm --snapshot myFIFOTest_behav xil_defaultlib.myFIFOTest xil_defaultlib.glbl -log elaborate.log 
Using 2 slave threads.
Starting static elaboration
Completed static elaboration
Starting simulation data flow analysis
Completed simulation data flow analysis
Time Resolution for simulation is 1ps
Compiling module blk_mem_gen_v8_4_2.blk_mem_gen_v8_4_2_output_stage(...
Compiling module blk_mem_gen_v8_4_2.blk_mem_gen_v8_4_2_output_stage(...
Compiling module blk_mem_gen_v8_4_2.blk_mem_gen_v8_4_2_softecc_outpu...
Compiling module blk_mem_gen_v8_4_2.blk_mem_gen_v8_4_2_mem_module(C_...
Compiling module blk_mem_gen_v8_4_2.blk_mem_axi_regs_fwd_v8_4(C_DATA...
Compiling module blk_mem_gen_v8_4_2.blk_mem_gen_v8_4_2(C_FAMILY="zyn...
Compiling module xil_defaultlib.mem
Compiling module xil_defaultlib.myFIFO_default
Compiling module fifo_generator_v13_2_3.fifo_generator_v13_2_3_bhv_ver_s...
Compiling module fifo_generator_v13_2_3.fifo_generator_v13_2_3_CONV_VER(...
Compiling module fifo_generator_v13_2_3.fifo_generator_vlog_beh(C_COMMON...
Compiling module fifo_generator_v13_2_3.fifo_generator_v13_2_3(C_COMMON_...
Compiling module xil_defaultlib.fifo_fifo_generator_0_0
Compiling module xil_defaultlib.fifo
Compiling module xil_defaultlib.fifo_wrapper
Compiling module xil_defaultlib.myFIFOTest
Compiling module xil_defaultlib.glbl
Built simulation snapshot myFIFOTest_behav
